[12.11.25 19:03:52] info: Program: Starting Squirrel Updater: --checkForUpdate https://central.github.com/api/deployments/desktop/desktop/latest?version=3.5.4&env=production&guid=cfaeb0ce-2f26-4410-b7f9-e202844dc1e2
[12.11.25 19:03:52] info: Program: Fetching update information, downloading from https://central.github.com/api/deployments/desktop/desktop/latest?version=3.5.4&env=production&guid=cfaeb0ce-2f26-4410-b7f9-e202844dc1e2
[12.11.25 19:03:52] warn: SingleGlobalInstance: Failed to grab lockfile, will retry: C:\Users\Asus\AppData\Local\Temp\.squirrel-lock-61DDD06099C58ABF3B6AF437F6E7AF9924658A04: System.IO.IOException: Процесс не может получить доступ к файлу "C:\Users\Asus\AppData\Local\Temp\.squirrel-lock-61DDD06099C58ABF3B6AF437F6E7AF9924658A04", так как этот файл используется другим процессом.
   в System.IO.__Error.WinIOError(Int32 errorCode, String maybeFullPath)
   в System.IO.FileStream.Init(String path, FileMode mode, FileAccess access, Int32 rights, Boolean useRights, FileShare share, Int32 bufferSize, FileOptions options, SECURITY_ATTRIBUTES secAttrs, String msgPath, Boolean bFromProxy, Boolean useLongPath, Boolean checkHost)
   в System.IO.FileStream..ctor(String path, FileMode mode, FileAccess access, FileShare share)
   в Squirrel.SingleGlobalInstance..ctor(String key, TimeSpan timeOut)
[12.11.25 19:03:52] warn: SingleGlobalInstance: Failed to grab lockfile, will retry: C:\Users\Asus\AppData\Local\Temp\.squirrel-lock-61DDD06099C58ABF3B6AF437F6E7AF9924658A04: System.IO.IOException: Процесс не может получить доступ к файлу "C:\Users\Asus\AppData\Local\Temp\.squirrel-lock-61DDD06099C58ABF3B6AF437F6E7AF9924658A04", так как этот файл используется другим процессом.
   в System.IO.__Error.WinIOError(Int32 errorCode, String maybeFullPath)
   в System.IO.FileStream.Init(String path, FileMode mode, FileAccess access, Int32 rights, Boolean useRights, FileShare share, Int32 bufferSize, FileOptions options, SECURITY_ATTRIBUTES secAttrs, String msgPath, Boolean bFromProxy, Boolean useLongPath, Boolean checkHost)
   в System.IO.FileStream..ctor(String path, FileMode mode, FileAccess access, FileShare share)
   в Squirrel.SingleGlobalInstance..ctor(String key, TimeSpan timeOut)
[12.11.25 19:03:52] info: CheckForUpdateImpl: Generated new staging user ID: 148b46f8-e1f1-58c6-860a-7c6be63ae9b0
[12.11.25 19:03:52] info: CheckForUpdateImpl: Downloading RELEASES file from https://central.github.com/api/deployments/desktop/desktop/latest?version=3.5.4&env=production&guid=cfaeb0ce-2f26-4410-b7f9-e202844dc1e2
[12.11.25 19:03:52] info: FileDownloader: Downloading url: https://central.github.com/api/deployments/desktop/desktop/latest/RELEASES?version=3.5.4&env=production&guid=cfaeb0ce-2f26-4410-b7f9-e202844dc1e2&id=GitHubDesktop&localVersion=3.5.4&arch=amd64
[12.11.25 19:03:55] info: Program: Finished Squirrel Updater
[12.11.25 19:08:22] info: Program: Starting Squirrel Updater: --checkForUpdate https://central.github.com/api/deployments/desktop/desktop/latest?version=3.5.4&env=production&guid=cfaeb0ce-2f26-4410-b7f9-e202844dc1e2
[12.11.25 19:08:22] info: Program: Fetching update information, downloading from https://central.github.com/api/deployments/desktop/desktop/latest?version=3.5.4&env=production&guid=cfaeb0ce-2f26-4410-b7f9-e202844dc1e2
[12.11.25 19:08:23] info: CheckForUpdateImpl: Using existing staging user ID: 148b46f8-e1f1-58c6-860a-7c6be63ae9b0
[12.11.25 19:08:23] info: CheckForUpdateImpl: Downloading RELEASES file from https://central.github.com/api/deployments/desktop/desktop/latest?version=3.5.4&env=production&guid=cfaeb0ce-2f26-4410-b7f9-e202844dc1e2
[12.11.25 19:08:23] info: FileDownloader: Downloading url: https://central.github.com/api/deployments/desktop/desktop/latest/RELEASES?version=3.5.4&env=production&guid=cfaeb0ce-2f26-4410-b7f9-e202844dc1e2&id=GitHubDesktop&localVersion=3.5.4&arch=amd64
[12.11.25 19:08:24] info: Program: Finished Squirrel Updater
[12.11.25 19:09:49] info: Program: Starting Squirrel Updater: --checkForUpdate https://central.github.com/api/deployments/desktop/desktop/latest?version=3.5.4&env=production&guid=cfaeb0ce-2f26-4410-b7f9-e202844dc1e2
[12.11.25 19:09:49] info: Program: Fetching update information, downloading from https://central.github.com/api/deployments/desktop/desktop/latest?version=3.5.4&env=production&guid=cfaeb0ce-2f26-4410-b7f9-e202844dc1e2
[12.11.25 19:09:49] info: CheckForUpdateImpl: Using existing staging user ID: 148b46f8-e1f1-58c6-860a-7c6be63ae9b0
[12.11.25 19:09:49] info: CheckForUpdateImpl: Downloading RELEASES file from https://central.github.com/api/deployments/desktop/desktop/latest?version=3.5.4&env=production&guid=cfaeb0ce-2f26-4410-b7f9-e202844dc1e2
[12.11.25 19:09:49] info: FileDownloader: Downloading url: https://central.github.com/api/deployments/desktop/desktop/latest/RELEASES?version=3.5.4&env=production&guid=cfaeb0ce-2f26-4410-b7f9-e202844dc1e2&id=GitHubDesktop&localVersion=3.5.4&arch=amd64
[12.11.25 19:09:51] info: Program: Finished Squirrel Updater
[18.11.25 08:29:17] info: Program: Starting Squirrel Updater: --checkForUpdate https://central.github.com/api/deployments/desktop/desktop/latest?version=3.5.4&env=production&guid=cfaeb0ce-2f26-4410-b7f9-e202844dc1e2
[18.11.25 08:29:17] info: Program: Fetching update information, downloading from https://central.github.com/api/deployments/desktop/desktop/latest?version=3.5.4&env=production&guid=cfaeb0ce-2f26-4410-b7f9-e202844dc1e2
[18.11.25 08:29:17] info: CheckForUpdateImpl: Using existing staging user ID: 148b46f8-e1f1-58c6-860a-7c6be63ae9b0
[18.11.25 08:29:17] info: CheckForUpdateImpl: Downloading RELEASES file from https://central.github.com/api/deployments/desktop/desktop/latest?version=3.5.4&env=production&guid=cfaeb0ce-2f26-4410-b7f9-e202844dc1e2
[18.11.25 08:29:17] info: FileDownloader: Downloading url: https://central.github.com/api/deployments/desktop/desktop/latest/RELEASES?version=3.5.4&env=production&guid=cfaeb0ce-2f26-4410-b7f9-e202844dc1e2&id=GitHubDesktop&localVersion=3.5.4&arch=amd64
[18.11.25 08:29:17] warn: IEnableLogger: Failed to download url: https://central.github.com/api/deployments/desktop/desktop/latest/RELEASES?version=3.5.4&env=production&guid=cfaeb0ce-2f26-4410-b7f9-e202844dc1e2&id=GitHubDesktop&localVersion=3.5.4&arch=amd64: System.Net.WebException: Невозможно разрешить удаленное имя: 'central.github.com'
   в System.Net.HttpWebRequest.EndGetResponse(IAsyncResult asyncResult)
   в System.Net.WebClient.GetWebResponse(WebRequest request, IAsyncResult result)
   в System.Net.WebClient.DownloadBitsResponseCallback(IAsyncResult result)
--- Конец трассировка стека из предыдущего расположения, где возникло исключение ---
   в System.Runtime.ExceptionServices.ExceptionDispatchInfo.Throw()
   в System.Runtime.CompilerServices.TaskAwaiter.HandleNonSuccessAndDebuggerNotification(Task task)
   в Squirrel.Utility.<LogIfThrows>d__43`1.MoveNext()
[18.11.25 08:29:17] info: FileDownloader: Downloading url: https://central.github.com/api/deployments/desktop/desktop/latest/releases?version=3.5.4&env=production&guid=cfaeb0ce-2f26-4410-b7f9-e202844dc1e2&id=githubdesktop&localversion=3.5.4&arch=amd64
[18.11.25 08:29:17] warn: IEnableLogger: Failed to download url: https://central.github.com/api/deployments/desktop/desktop/latest/releases?version=3.5.4&env=production&guid=cfaeb0ce-2f26-4410-b7f9-e202844dc1e2&id=githubdesktop&localversion=3.5.4&arch=amd64: System.Net.WebException: Невозможно разрешить удаленное имя: 'central.github.com'
   в System.Net.HttpWebRequest.EndGetResponse(IAsyncResult asyncResult)
   в System.Net.WebClient.GetWebResponse(WebRequest request, IAsyncResult result)
   в System.Net.WebClient.DownloadBitsResponseCallback(IAsyncResult result)
--- Конец трассировка стека из предыдущего расположения, где возникло исключение ---
   в System.Runtime.ExceptionServices.ExceptionDispatchInfo.Throw()
   в System.Runtime.CompilerServices.TaskAwaiter.HandleNonSuccessAndDebuggerNotification(Task task)
   в Squirrel.Utility.<LogIfThrows>d__43`1.MoveNext()
[18.11.25 08:29:17] info: CheckForUpdateImpl: Download resulted in WebException (returning blank release list): System.Net.WebException: Невозможно разрешить удаленное имя: 'central.github.com'
   в System.Net.HttpWebRequest.EndGetResponse(IAsyncResult asyncResult)
   в System.Net.WebClient.GetWebResponse(WebRequest request, IAsyncResult result)
   в System.Net.WebClient.DownloadBitsResponseCallback(IAsyncResult result)
--- Конец трассировка стека из предыдущего расположения, где возникло исключение ---
   в System.Runtime.ExceptionServices.ExceptionDispatchInfo.Throw()
   в System.Runtime.CompilerServices.TaskAwaiter.HandleNonSuccessAndDebuggerNotification(Task task)
   в Squirrel.Utility.<LogIfThrows>d__43`1.MoveNext()
--- Конец трассировка стека из предыдущего расположения, где возникло исключение ---
   в System.Runtime.ExceptionServices.ExceptionDispatchInfo.Throw()
   в Squirrel.FileDownloader.<DownloadUrl>d__3.MoveNext()
--- Конец трассировка стека из предыдущего расположения, где возникло исключение ---
   в System.Runtime.ExceptionServices.ExceptionDispatchInfo.Throw()
   в Squirrel.UpdateManager.CheckForUpdateImpl.<CheckForUpdate>d__2.MoveNext()
[18.11.25 08:29:17] info: FileDownloader: Downloading url: https://central.github.com/api/deployments/desktop/desktop/latest/RELEASES?version=3.5.4&env=production&guid=cfaeb0ce-2f26-4410-b7f9-e202844dc1e2&id=GitHubDesktop&localVersion=3.5.4&arch=amd64
[18.11.25 08:29:17] warn: IEnableLogger: Failed to download url: https://central.github.com/api/deployments/desktop/desktop/latest/RELEASES?version=3.5.4&env=production&guid=cfaeb0ce-2f26-4410-b7f9-e202844dc1e2&id=GitHubDesktop&localVersion=3.5.4&arch=amd64: System.Net.WebException: Невозможно разрешить удаленное имя: 'central.github.com'
   в System.Net.HttpWebRequest.EndGetResponse(IAsyncResult asyncResult)
   в System.Net.WebClient.GetWebResponse(WebRequest request, IAsyncResult result)
   в System.Net.WebClient.DownloadBitsResponseCallback(IAsyncResult result)
--- Конец трассировка стека из предыдущего расположения, где возникло исключение ---
   в System.Runtime.ExceptionServices.ExceptionDispatchInfo.Throw()
   в System.Runtime.CompilerServices.TaskAwaiter.HandleNonSuccessAndDebuggerNotification(Task task)
   в Squirrel.Utility.<LogIfThrows>d__43`1.MoveNext()
[18.11.25 08:29:17] info: FileDownloader: Downloading url: https://central.github.com/api/deployments/desktop/desktop/latest/releases?version=3.5.4&env=production&guid=cfaeb0ce-2f26-4410-b7f9-e202844dc1e2&id=githubdesktop&localversion=3.5.4&arch=amd64
[18.11.25 08:29:17] warn: IEnableLogger: Failed to download url: https://central.github.com/api/deployments/desktop/desktop/latest/releases?version=3.5.4&env=production&guid=cfaeb0ce-2f26-4410-b7f9-e202844dc1e2&id=githubdesktop&localversion=3.5.4&arch=amd64: System.Net.WebException: Невозможно разрешить удаленное имя: 'central.github.com'
   в System.Net.HttpWebRequest.EndGetResponse(IAsyncResult asyncResult)
   в System.Net.WebClient.GetWebResponse(WebRequest request, IAsyncResult result)
   в System.Net.WebClient.DownloadBitsResponseCallback(IAsyncResult result)
--- Конец трассировка стека из предыдущего расположения, где возникло исключение ---
   в System.Runtime.ExceptionServices.ExceptionDispatchInfo.Throw()
   в System.Runtime.CompilerServices.TaskAwaiter.HandleNonSuccessAndDebuggerNotification(Task task)
   в Squirrel.Utility.<LogIfThrows>d__43`1.MoveNext()
[18.11.25 08:29:17] info: CheckForUpdateImpl: Download resulted in WebException (returning blank release list): System.Net.WebException: Невозможно разрешить удаленное имя: 'central.github.com'
   в System.Net.HttpWebRequest.EndGetResponse(IAsyncResult asyncResult)
   в System.Net.WebClient.GetWebResponse(WebRequest request, IAsyncResult result)
   в System.Net.WebClient.DownloadBitsResponseCallback(IAsyncResult result)
--- Конец трассировка стека из предыдущего расположения, где возникло исключение ---
   в System.Runtime.ExceptionServices.ExceptionDispatchInfo.Throw()
   в System.Runtime.CompilerServices.TaskAwaiter.HandleNonSuccessAndDebuggerNotification(Task task)
   в Squirrel.Utility.<LogIfThrows>d__43`1.MoveNext()
--- Конец трассировка стека из предыдущего расположения, где возникло исключение ---
   в System.Runtime.ExceptionServices.ExceptionDispatchInfo.Throw()
   в Squirrel.FileDownloader.<DownloadUrl>d__3.MoveNext()
--- Конец трассировка стека из предыдущего расположения, где возникло исключение ---
   в System.Runtime.ExceptionServices.ExceptionDispatchInfo.Throw()
   в Squirrel.UpdateManager.CheckForUpdateImpl.<CheckForUpdate>d__2.MoveNext()
[18.11.25 08:29:17] info: FileDownloader: Downloading url: https://central.github.com/api/deployments/desktop/desktop/latest/RELEASES?version=3.5.4&env=production&guid=cfaeb0ce-2f26-4410-b7f9-e202844dc1e2&id=GitHubDesktop&localVersion=3.5.4&arch=amd64
[18.11.25 08:29:17] warn: IEnableLogger: Failed to download url: https://central.github.com/api/deployments/desktop/desktop/latest/RELEASES?version=3.5.4&env=production&guid=cfaeb0ce-2f26-4410-b7f9-e202844dc1e2&id=GitHubDesktop&localVersion=3.5.4&arch=amd64: System.Net.WebException: Невозможно разрешить удаленное имя: 'central.github.com'
   в System.Net.HttpWebRequest.EndGetResponse(IAsyncResult asyncResult)
   в System.Net.WebClient.GetWebResponse(WebRequest request, IAsyncResult result)
   в System.Net.WebClient.DownloadBitsResponseCallback(IAsyncResult result)
--- Конец трассировка стека из предыдущего расположения, где возникло исключение ---
   в System.Runtime.ExceptionServices.ExceptionDispatchInfo.Throw()
   в System.Runtime.CompilerServices.TaskAwaiter.HandleNonSuccessAndDebuggerNotification(Task task)
   в Squirrel.Utility.<LogIfThrows>d__43`1.MoveNext()
[18.11.25 08:29:17] info: FileDownloader: Downloading url: https://central.github.com/api/deployments/desktop/desktop/latest/releases?version=3.5.4&env=production&guid=cfaeb0ce-2f26-4410-b7f9-e202844dc1e2&id=githubdesktop&localversion=3.5.4&arch=amd64
[18.11.25 08:29:17] warn: IEnableLogger: Failed to download url: https://central.github.com/api/deployments/desktop/desktop/latest/releases?version=3.5.4&env=production&guid=cfaeb0ce-2f26-4410-b7f9-e202844dc1e2&id=githubdesktop&localversion=3.5.4&arch=amd64: System.Net.WebException: Невозможно разрешить удаленное имя: 'central.github.com'
   в System.Net.HttpWebRequest.EndGetResponse(IAsyncResult asyncResult)
   в System.Net.WebClient.GetWebResponse(WebRequest request, IAsyncResult result)
   в System.Net.WebClient.DownloadBitsResponseCallback(IAsyncResult result)
--- Конец трассировка стека из предыдущего расположения, где возникло исключение ---
   в System.Runtime.ExceptionServices.ExceptionDispatchInfo.Throw()
   в System.Runtime.CompilerServices.TaskAwaiter.HandleNonSuccessAndDebuggerNotification(Task task)
   в Squirrel.Utility.<LogIfThrows>d__43`1.MoveNext()
[18.11.25 08:29:17] info: CheckForUpdateImpl: Download resulted in WebException (returning blank release list): System.Net.WebException: Невозможно разрешить удаленное имя: 'central.github.com'
   в System.Net.HttpWebRequest.EndGetResponse(IAsyncResult asyncResult)
   в System.Net.WebClient.GetWebResponse(WebRequest request, IAsyncResult result)
   в System.Net.WebClient.DownloadBitsResponseCallback(IAsyncResult result)
--- Конец трассировка стека из предыдущего расположения, где возникло исключение ---
   в System.Runtime.ExceptionServices.ExceptionDispatchInfo.Throw()
   в System.Runtime.CompilerServices.TaskAwaiter.HandleNonSuccessAndDebuggerNotification(Task task)
   в Squirrel.Utility.<LogIfThrows>d__43`1.MoveNext()
--- Конец трассировка стека из предыдущего расположения, где возникло исключение ---
   в System.Runtime.ExceptionServices.ExceptionDispatchInfo.Throw()
   в Squirrel.FileDownloader.<DownloadUrl>d__3.MoveNext()
--- Конец трассировка стека из предыдущего расположения, где возникло исключение ---
   в System.Runtime.ExceptionServices.ExceptionDispatchInfo.Throw()
   в Squirrel.UpdateManager.CheckForUpdateImpl.<CheckForUpdate>d__2.MoveNext()
[18.11.25 08:29:17] info: FileDownloader: Downloading url: https://central.github.com/api/deployments/desktop/desktop/latest/RELEASES?version=3.5.4&env=production&guid=cfaeb0ce-2f26-4410-b7f9-e202844dc1e2&id=GitHubDesktop&localVersion=3.5.4&arch=amd64
[18.11.25 08:29:17] warn: IEnableLogger: Failed to download url: https://central.github.com/api/deployments/desktop/desktop/latest/RELEASES?version=3.5.4&env=production&guid=cfaeb0ce-2f26-4410-b7f9-e202844dc1e2&id=GitHubDesktop&localVersion=3.5.4&arch=amd64: System.Net.WebException: Невозможно разрешить удаленное имя: 'central.github.com'
   в System.Net.HttpWebRequest.EndGetResponse(IAsyncResult asyncResult)
   в System.Net.WebClient.GetWebResponse(WebRequest request, IAsyncResult result)
   в System.Net.WebClient.DownloadBitsResponseCallback(IAsyncResult result)
--- Конец трассировка стека из предыдущего расположения, где возникло исключение ---
   в System.Runtime.ExceptionServices.ExceptionDispatchInfo.Throw()
   в System.Runtime.CompilerServices.TaskAwaiter.HandleNonSuccessAndDebuggerNotification(Task task)
   в Squirrel.Utility.<LogIfThrows>d__43`1.MoveNext()
[18.11.25 08:29:17] info: FileDownloader: Downloading url: https://central.github.com/api/deployments/desktop/desktop/latest/releases?version=3.5.4&env=production&guid=cfaeb0ce-2f26-4410-b7f9-e202844dc1e2&id=githubdesktop&localversion=3.5.4&arch=amd64
[18.11.25 08:29:17] warn: IEnableLogger: Failed to download url: https://central.github.com/api/deployments/desktop/desktop/latest/releases?version=3.5.4&env=production&guid=cfaeb0ce-2f26-4410-b7f9-e202844dc1e2&id=githubdesktop&localversion=3.5.4&arch=amd64: System.Net.WebException: Невозможно разрешить удаленное имя: 'central.github.com'
   в System.Net.HttpWebRequest.EndGetResponse(IAsyncResult asyncResult)
   в System.Net.WebClient.GetWebResponse(WebRequest request, IAsyncResult result)
   в System.Net.WebClient.DownloadBitsResponseCallback(IAsyncResult result)
--- Конец трассировка стека из предыдущего расположения, где возникло исключение ---
   в System.Runtime.ExceptionServices.ExceptionDispatchInfo.Throw()
   в System.Runtime.CompilerServices.TaskAwaiter.HandleNonSuccessAndDebuggerNotification(Task task)
   в Squirrel.Utility.<LogIfThrows>d__43`1.MoveNext()
[18.11.25 08:29:17] info: CheckForUpdateImpl: Download resulted in WebException (returning blank release list): System.Net.WebException: Невозможно разрешить удаленное имя: 'central.github.com'
   в System.Net.HttpWebRequest.EndGetResponse(IAsyncResult asyncResult)
   в System.Net.WebClient.GetWebResponse(WebRequest request, IAsyncResult result)
   в System.Net.WebClient.DownloadBitsResponseCallback(IAsyncResult result)
--- Конец трассировка стека из предыдущего расположения, где возникло исключение ---
   в System.Runtime.ExceptionServices.ExceptionDispatchInfo.Throw()
   в System.Runtime.CompilerServices.TaskAwaiter.HandleNonSuccessAndDebuggerNotification(Task task)
   в Squirrel.Utility.<LogIfThrows>d__43`1.MoveNext()
--- Конец трассировка стека из предыдущего расположения, где возникло исключение ---
   в System.Runtime.ExceptionServices.ExceptionDispatchInfo.Throw()
   в Squirrel.FileDownloader.<DownloadUrl>d__3.MoveNext()
--- Конец трассировка стека из предыдущего расположения, где возникло исключение ---
   в System.Runtime.ExceptionServices.ExceptionDispatchInfo.Throw()
   в Squirrel.UpdateManager.CheckForUpdateImpl.<CheckForUpdate>d__2.MoveNext()
[18.11.25 08:29:17] fatal: Finished with unhandled exception: System.AggregateException: Произошла одна или несколько ошибок. ---> System.Net.WebException: Невозможно разрешить удаленное имя: 'central.github.com'
   в System.Net.HttpWebRequest.EndGetResponse(IAsyncResult asyncResult)
   в System.Net.WebClient.GetWebResponse(WebRequest request, IAsyncResult result)
   в System.Net.WebClient.DownloadBitsResponseCallback(IAsyncResult result)
--- Конец трассировка стека из предыдущего расположения, где возникло исключение ---
   в System.Runtime.ExceptionServices.ExceptionDispatchInfo.Throw()
   в System.Runtime.CompilerServices.TaskAwaiter.HandleNonSuccessAndDebuggerNotification(Task task)
   в Squirrel.Utility.<LogIfThrows>d__43`1.MoveNext()
--- Конец трассировка стека из предыдущего расположения, где возникло исключение ---
   в System.Runtime.ExceptionServices.ExceptionDispatchInfo.Throw()
   в Squirrel.FileDownloader.<DownloadUrl>d__3.MoveNext()
--- Конец трассировка стека из предыдущего расположения, где возникло исключение ---
   в System.Runtime.ExceptionServices.ExceptionDispatchInfo.Throw()
   в Squirrel.UpdateManager.CheckForUpdateImpl.<CheckForUpdate>d__2.MoveNext()
--- Конец трассировка стека из предыдущего расположения, где возникло исключение ---
   в System.Runtime.ExceptionServices.ExceptionDispatchInfo.Throw()
   в System.Runtime.CompilerServices.TaskAwaiter.HandleNonSuccessAndDebuggerNotification(Task task)
   в Squirrel.UpdateManager.<CheckForUpdate>d__8.MoveNext()
--- Конец трассировка стека из предыдущего расположения, где возникло исключение ---
   в System.Runtime.ExceptionServices.ExceptionDispatchInfo.Throw()
   в System.Runtime.CompilerServices.TaskAwaiter.HandleNonSuccessAndDebuggerNotification(Task task)
   в Squirrel.Update.Program.<CheckForUpdate>d__8.MoveNext()
   --- Конец трассировки внутреннего стека исключений ---
   в System.Threading.Tasks.Task`1.GetResultCore(Boolean waitCompletionNotification)
   в Squirrel.Update.Program.executeCommandLine(String[] args)
   в Squirrel.Update.Program.main(String[] args)
---> (Внутреннее исключение #0) System.Net.WebException: Невозможно разрешить удаленное имя: 'central.github.com'
   в System.Net.HttpWebRequest.EndGetResponse(IAsyncResult asyncResult)
   в System.Net.WebClient.GetWebResponse(WebRequest request, IAsyncResult result)
   в System.Net.WebClient.DownloadBitsResponseCallback(IAsyncResult result)
--- Конец трассировка стека из предыдущего расположения, где возникло исключение ---
   в System.Runtime.ExceptionServices.ExceptionDispatchInfo.Throw()
   в System.Runtime.CompilerServices.TaskAwaiter.HandleNonSuccessAndDebuggerNotification(Task task)
   в Squirrel.Utility.<LogIfThrows>d__43`1.MoveNext()
--- Конец трассировка стека из предыдущего расположения, где возникло исключение ---
   в System.Runtime.ExceptionServices.ExceptionDispatchInfo.Throw()
   в Squirrel.FileDownloader.<DownloadUrl>d__3.MoveNext()
--- Конец трассировка стека из предыдущего расположения, где возникло исключение ---
   в System.Runtime.ExceptionServices.ExceptionDispatchInfo.Throw()
   в Squirrel.UpdateManager.CheckForUpdateImpl.<CheckForUpdate>d__2.MoveNext()
--- Конец трассировка стека из предыдущего расположения, где возникло исключение ---
   в System.Runtime.ExceptionServices.ExceptionDispatchInfo.Throw()
   в System.Runtime.CompilerServices.TaskAwaiter.HandleNonSuccessAndDebuggerNotification(Task task)
   в Squirrel.UpdateManager.<CheckForUpdate>d__8.MoveNext()
--- Конец трассировка стека из предыдущего расположения, где возникло исключение ---
   в System.Runtime.ExceptionServices.ExceptionDispatchInfo.Throw()
   в System.Runtime.CompilerServices.TaskAwaiter.HandleNonSuccessAndDebuggerNotification(Task task)
   в Squirrel.Update.Program.<CheckForUpdate>d__8.MoveNext()<---

[18.11.25 08:33:36] info: Program: Starting Squirrel Updater: --checkForUpdate https://central.github.com/api/deployments/desktop/desktop/latest?version=3.5.4&env=production&guid=cfaeb0ce-2f26-4410-b7f9-e202844dc1e2
[18.11.25 08:33:36] info: Program: Fetching update information, downloading from https://central.github.com/api/deployments/desktop/desktop/latest?version=3.5.4&env=production&guid=cfaeb0ce-2f26-4410-b7f9-e202844dc1e2
[18.11.25 08:33:36] info: CheckForUpdateImpl: Using existing staging user ID: 148b46f8-e1f1-58c6-860a-7c6be63ae9b0
[18.11.25 08:33:37] info: CheckForUpdateImpl: Downloading RELEASES file from https://central.github.com/api/deployments/desktop/desktop/latest?version=3.5.4&env=production&guid=cfaeb0ce-2f26-4410-b7f9-e202844dc1e2
[18.11.25 08:33:37] info: FileDownloader: Downloading url: https://central.github.com/api/deployments/desktop/desktop/latest/RELEASES?version=3.5.4&env=production&guid=cfaeb0ce-2f26-4410-b7f9-e202844dc1e2&id=GitHubDesktop&localVersion=3.5.4&arch=amd64
[18.11.25 08:33:38] info: Program: Finished Squirrel Updater
[18.11.25 08:42:41] info: Program: Starting Squirrel Updater: --checkForUpdate https://central.github.com/api/deployments/desktop/desktop/latest?version=3.5.4&env=production&guid=cfaeb0ce-2f26-4410-b7f9-e202844dc1e2
[18.11.25 08:42:41] info: Program: Fetching update information, downloading from https://central.github.com/api/deployments/desktop/desktop/latest?version=3.5.4&env=production&guid=cfaeb0ce-2f26-4410-b7f9-e202844dc1e2
[18.11.25 08:42:41] info: CheckForUpdateImpl: Using existing staging user ID: 148b46f8-e1f1-58c6-860a-7c6be63ae9b0
[18.11.25 08:42:41] info: CheckForUpdateImpl: Downloading RELEASES file from https://central.github.com/api/deployments/desktop/desktop/latest?version=3.5.4&env=production&guid=cfaeb0ce-2f26-4410-b7f9-e202844dc1e2
[18.11.25 08:42:42] info: FileDownloader: Downloading url: https://central.github.com/api/deployments/desktop/desktop/latest/RELEASES?version=3.5.4&env=production&guid=cfaeb0ce-2f26-4410-b7f9-e202844dc1e2&id=GitHubDesktop&localVersion=3.5.4&arch=amd64
[18.11.25 08:42:43] info: Program: Finished Squirrel Updater
[18.11.25 08:45:52] info: Program: Starting Squirrel Updater: --checkForUpdate https://central.github.com/api/deployments/desktop/desktop/latest?version=3.5.4&env=production&guid=cfaeb0ce-2f26-4410-b7f9-e202844dc1e2
[18.11.25 08:45:52] info: Program: Fetching update information, downloading from https://central.github.com/api/deployments/desktop/desktop/latest?version=3.5.4&env=production&guid=cfaeb0ce-2f26-4410-b7f9-e202844dc1e2
[18.11.25 08:45:52] info: CheckForUpdateImpl: Using existing staging user ID: 148b46f8-e1f1-58c6-860a-7c6be63ae9b0
[18.11.25 08:45:52] info: CheckForUpdateImpl: Downloading RELEASES file from https://central.github.com/api/deployments/desktop/desktop/latest?version=3.5.4&env=production&guid=cfaeb0ce-2f26-4410-b7f9-e202844dc1e2
[18.11.25 08:45:52] info: FileDownloader: Downloading url: https://central.github.com/api/deployments/desktop/desktop/latest/RELEASES?version=3.5.4&env=production&guid=cfaeb0ce-2f26-4410-b7f9-e202844dc1e2&id=GitHubDesktop&localVersion=3.5.4&arch=amd64
[18.11.25 08:45:53] info: Program: Finished Squirrel Updater
[18.11.25 08:48:25] info: Program: Starting Squirrel Updater: --checkForUpdate https://central.github.com/api/deployments/desktop/desktop/latest?version=3.5.4&env=production&guid=cfaeb0ce-2f26-4410-b7f9-e202844dc1e2
[18.11.25 08:48:25] info: Program: Fetching update information, downloading from https://central.github.com/api/deployments/desktop/desktop/latest?version=3.5.4&env=production&guid=cfaeb0ce-2f26-4410-b7f9-e202844dc1e2
[18.11.25 08:48:25] info: CheckForUpdateImpl: Using existing staging user ID: 148b46f8-e1f1-58c6-860a-7c6be63ae9b0
[18.11.25 08:48:25] info: CheckForUpdateImpl: Downloading RELEASES file from https://central.github.com/api/deployments/desktop/desktop/latest?version=3.5.4&env=production&guid=cfaeb0ce-2f26-4410-b7f9-e202844dc1e2
[18.11.25 08:48:25] info: FileDownloader: Downloading url: https://central.github.com/api/deployments/desktop/desktop/latest/RELEASES?version=3.5.4&env=production&guid=cfaeb0ce-2f26-4410-b7f9-e202844dc1e2&id=GitHubDesktop&localVersion=3.5.4&arch=amd64
[18.11.25 08:48:27] info: Program: Finished Squirrel Updater
[18.11.25 09:19:02] info: Program: Starting Squirrel Updater: --checkForUpdate https://central.github.com/api/deployments/desktop/desktop/latest?version=3.5.4&env=production&guid=cfaeb0ce-2f26-4410-b7f9-e202844dc1e2
[18.11.25 09:19:02] info: Program: Fetching update information, downloading from https://central.github.com/api/deployments/desktop/desktop/latest?version=3.5.4&env=production&guid=cfaeb0ce-2f26-4410-b7f9-e202844dc1e2
[18.11.25 09:19:02] info: CheckForUpdateImpl: Using existing staging user ID: 148b46f8-e1f1-58c6-860a-7c6be63ae9b0
[18.11.25 09:19:02] info: CheckForUpdateImpl: Downloading RELEASES file from https://central.github.com/api/deployments/desktop/desktop/latest?version=3.5.4&env=production&guid=cfaeb0ce-2f26-4410-b7f9-e202844dc1e2
[18.11.25 09:19:02] info: FileDownloader: Downloading url: https://central.github.com/api/deployments/desktop/desktop/latest/RELEASES?version=3.5.4&env=production&guid=cfaeb0ce-2f26-4410-b7f9-e202844dc1e2&id=GitHubDesktop&localVersion=3.5.4&arch=amd64
[18.11.25 09:19:03] info: Program: Finished Squirrel Updater
[18.11.25 09:19:29] info: Program: Starting Squirrel Updater: --checkForUpdate https://central.github.com/api/deployments/desktop/desktop/latest?version=3.5.4&env=production&guid=cfaeb0ce-2f26-4410-b7f9-e202844dc1e2
[18.11.25 09:19:29] info: Program: Fetching update information, downloading from https://central.github.com/api/deployments/desktop/desktop/latest?version=3.5.4&env=production&guid=cfaeb0ce-2f26-4410-b7f9-e202844dc1e2
[18.11.25 09:19:29] info: CheckForUpdateImpl: Using existing staging user ID: 148b46f8-e1f1-58c6-860a-7c6be63ae9b0
[18.11.25 09:19:29] info: CheckForUpdateImpl: Downloading RELEASES file from https://central.github.com/api/deployments/desktop/desktop/latest?version=3.5.4&env=production&guid=cfaeb0ce-2f26-4410-b7f9-e202844dc1e2
[18.11.25 09:19:30] info: FileDownloader: Downloading url: https://central.github.com/api/deployments/desktop/desktop/latest/RELEASES?version=3.5.4&env=production&guid=cfaeb0ce-2f26-4410-b7f9-e202844dc1e2&id=GitHubDesktop&localVersion=3.5.4&arch=amd64
[18.11.25 09:19:31] info: Program: Finished Squirrel Updater
[27.11.25 09:40:26] info: Program: Starting Squirrel Updater: --checkForUpdate https://central.github.com/api/deployments/desktop/desktop/latest?version=3.5.4&env=production&guid=cfaeb0ce-2f26-4410-b7f9-e202844dc1e2
[27.11.25 09:40:26] info: Program: Fetching update information, downloading from https://central.github.com/api/deployments/desktop/desktop/latest?version=3.5.4&env=production&guid=cfaeb0ce-2f26-4410-b7f9-e202844dc1e2
[27.11.25 09:40:26] info: CheckForUpdateImpl: Using existing staging user ID: 148b46f8-e1f1-58c6-860a-7c6be63ae9b0
[27.11.25 09:40:26] info: CheckForUpdateImpl: Downloading RELEASES file from https://central.github.com/api/deployments/desktop/desktop/latest?version=3.5.4&env=production&guid=cfaeb0ce-2f26-4410-b7f9-e202844dc1e2
[27.11.25 09:40:26] info: FileDownloader: Downloading url: https://central.github.com/api/deployments/desktop/desktop/latest/RELEASES?version=3.5.4&env=production&guid=cfaeb0ce-2f26-4410-b7f9-e202844dc1e2&id=GitHubDesktop&localVersion=3.5.4&arch=amd64
[27.11.25 09:40:27] info: Program: Finished Squirrel Updater
